# JRE version: OpenJDK Runtime Environment (11.0.5+10) (build 11.0.5+10-b520.38)
# Java VM: OpenJDK 64-Bit Server VM (11.0.5+10-b520.38, mixed mode, sharing, tiered, compressed oops, g1 gc, windows-amd64)
Heap:
 garbage-first heap   total 98304K, used 34810K [0x00000000a0c00000, 0x0000000100000000)
  region size 1024K, 20 young (20480K), 3 survivors (3072K)
 Metaspace       used 12341K, capacity 12712K, committed 12928K, reserved 1060864K
  class space    used 1491K, capacity 1629K, committed 1664K, reserved 1048576K
GC Heap History (6 events):
Event: 0.633 GC heap before
{Heap before GC invocations=0 (full 0):
 garbage-first heap   total 98304K, used 24576K [0x00000000a0c00000, 0x0000000100000000)
  region size 1024K, 24 young (24576K), 0 survivors (0K)
 Metaspace       used 3316K, capacity 5598K, committed 5760K, reserved 1056768K
  class space    used 356K, capacity 566K, committed 640K, reserved 1048576K
}
Event: 0.640 GC heap after
{Heap after GC invocations=1 (full 0):
 garbage-first heap   total 98304K, used 8430K [0x00000000a0c00000, 0x0000000100000000)
  region size 1024K, 3 young (3072K), 3 survivors (3072K)
 Metaspace       used 3316K, capacity 5598K, committed 5760K, reserved 1056768K
  class space    used 356K, capacity 566K, committed 640K, reserved 1048576K
}
Event: 1.826 GC heap before
{Heap before GC invocations=1 (full 0):
 garbage-first heap   total 98304K, used 57582K [0x00000000a0c00000, 0x0000000100000000)
  region size 1024K, 52 young (53248K), 3 survivors (3072K)
 Metaspace       used 10334K, capacity 10639K, committed 10880K, reserved 1058816K
  class space    used 1192K, capacity 1296K, committed 1408K, reserved 1048576K
}
Event: 1.849 GC heap after
{Heap after GC invocations=2 (full 0):
 garbage-first heap   total 98304K, used 15002K [0x00000000a0c00000, 0x0000000100000000)
  region size 1024K, 7 young (7168K), 7 survivors (7168K)
 Metaspace       used 10334K, capacity 10639K, committed 10880K, reserved 1058816K
  class space    used 1192K, capacity 1296K, committed 1408K, reserved 1048576K
}
Event: 1.901 GC heap before
{Heap before GC invocations=2 (full 0):
 garbage-first heap   total 98304K, used 25242K [0x00000000a0c00000, 0x0000000100000000)
  region size 1024K, 18 young (18432K), 7 survivors (7168K)
 Metaspace       used 10334K, capacity 10639K, committed 10880K, reserved 1058816K
  class space    used 1192K, capacity 1296K, committed 1408K, reserved 1048576K
}
Event: 1.923 GC heap after
{Heap after GC invocations=3 (full 0):
 garbage-first heap   total 98304K, used 19450K [0x00000000a0c00000, 0x0000000100000000)
  region size 1024K, 3 young (3072K), 3 survivors (3072K)
 Metaspace       used 10334K, capacity 10639K, committed 10880K, reserved 1058816K
  class space    used 1192K, capacity 1296K, committed 1408K, reserved 1048576K
}

