# JRE version: OpenJDK Runtime Environment (11.0.5+10) (build 11.0.5+10-b520.38)
# Java VM: OpenJDK 64-Bit Server VM (11.0.5+10-b520.38, mixed mode, sharing, tiered, compressed oops, g1 gc, windows-amd64)
Heap:
 garbage-first heap   total 118784K, used 31667K [0x00000000a0c00000, 0x0000000100000000)
  region size 1024K, 17 young (17408K), 7 survivors (7168K)
 Metaspace       used 44456K, capacity 45861K, committed 46028K, reserved 1089536K
  class space    used 6285K, capacity 6840K, committed 6860K, reserved 1048576K
GC Heap History (20 events):
Event: 0.980 GC heap before
{Heap before GC invocations=0 (full 0):
 garbage-first heap   total 98304K, used 24576K [0x00000000a0c00000, 0x0000000100000000)
  region size 1024K, 24 young (24576K), 0 survivors (0K)
 Metaspace       used 6621K, capacity 6964K, committed 7168K, reserved 1056768K
  class space    used 825K, capacity 925K, committed 1024K, reserved 1048576K
}
Event: 0.990 GC heap after
{Heap after GC invocations=1 (full 0):
 garbage-first heap   total 98304K, used 7343K [0x00000000a0c00000, 0x0000000100000000)
  region size 1024K, 3 young (3072K), 3 survivors (3072K)
 Metaspace       used 6621K, capacity 6964K, committed 7168K, reserved 1056768K
  class space    used 825K, capacity 925K, committed 1024K, reserved 1048576K
}
Event: 1.210 GC heap before
{Heap before GC invocations=1 (full 0):
 garbage-first heap   total 98304K, used 61615K [0x00000000a0c00000, 0x0000000100000000)
  region size 1024K, 57 young (58368K), 3 survivors (3072K)
 Metaspace       used 9356K, capacity 9834K, committed 10112K, reserved 1058816K
  class space    used 1211K, capacity 1381K, committed 1408K, reserved 1048576K
}
Event: 1.214 GC heap after
{Heap after GC invocations=2 (full 0):
 garbage-first heap   total 98304K, used 8710K [0x00000000a0c00000, 0x0000000100000000)
  region size 1024K, 5 young (5120K), 5 survivors (5120K)
 Metaspace       used 9356K, capacity 9834K, committed 10112K, reserved 1058816K
  class space    used 1211K, capacity 1381K, committed 1408K, reserved 1048576K
}
Event: 1.657 GC heap before
{Heap before GC invocations=2 (full 0):
 garbage-first heap   total 98304K, used 60934K [0x00000000a0c00000, 0x0000000100000000)
  region size 1024K, 57 young (58368K), 5 survivors (5120K)
 Metaspace       used 17755K, capacity 18530K, committed 18688K, reserved 1064960K
  class space    used 2447K, capacity 2769K, committed 2816K, reserved 1048576K
}
Event: 1.664 GC heap after
{Heap after GC invocations=3 (full 0):
 garbage-first heap   total 98304K, used 10773K [0x00000000a0c00000, 0x0000000100000000)
  region size 1024K, 4 young (4096K), 4 survivors (4096K)
 Metaspace       used 17755K, capacity 18530K, committed 18688K, reserved 1064960K
  class space    used 2447K, capacity 2769K, committed 2816K, reserved 1048576K
}
Event: 1.985 GC heap before
{Heap before GC invocations=3 (full 0):
 garbage-first heap   total 98304K, used 64021K [0x00000000a0c00000, 0x0000000100000000)
  region size 1024K, 57 young (58368K), 4 survivors (4096K)
 Metaspace       used 19109K, capacity 19910K, committed 20224K, reserved 1067008K
  class space    used 2626K, capacity 2971K, committed 3072K, reserved 1048576K
}
Event: 1.989 GC heap after
{Heap after GC invocations=4 (full 0):
 garbage-first heap   total 98304K, used 11784K [0x00000000a0c00000, 0x0000000100000000)
  region size 1024K, 5 young (5120K), 5 survivors (5120K)
 Metaspace       used 19109K, capacity 19910K, committed 20224K, reserved 1067008K
  class space    used 2626K, capacity 2971K, committed 3072K, reserved 1048576K
}
Event: 2.411 GC heap before
{Heap before GC invocations=4 (full 0):
 garbage-first heap   total 98304K, used 42504K [0x00000000a0c00000, 0x0000000100000000)
  region size 1024K, 36 young (36864K), 5 survivors (5120K)
 Metaspace       used 20141K, capacity 21070K, committed 21248K, reserved 1067008K
  class space    used 2793K, capacity 3202K, committed 3328K, reserved 1048576K
}
Event: 2.421 GC heap after
{Heap after GC invocations=5 (full 0):
 garbage-first heap   total 98304K, used 12895K [0x00000000a0c00000, 0x0000000100000000)
  region size 1024K, 6 young (6144K), 6 survivors (6144K)
 Metaspace       used 20141K, capacity 21070K, committed 21248K, reserved 1067008K
  class space    used 2793K, capacity 3202K, committed 3328K, reserved 1048576K
}
Event: 3.162 GC heap before
{Heap before GC invocations=6 (full 0):
 garbage-first heap   total 98304K, used 65119K [0x00000000a0c00000, 0x0000000100000000)
  region size 1024K, 57 young (58368K), 6 survivors (6144K)
 Metaspace       used 25327K, capacity 26576K, committed 26624K, reserved 1071104K
  class space    used 3595K, capacity 4092K, committed 4096K, reserved 1048576K
}
Event: 3.171 GC heap after
{Heap after GC invocations=7 (full 0):
 garbage-first heap   total 98304K, used 15733K [0x00000000a0c00000, 0x0000000100000000)
  region size 1024K, 7 young (7168K), 7 survivors (7168K)
 Metaspace       used 25327K, capacity 26576K, committed 26624K, reserved 1071104K
  class space    used 3595K, capacity 4092K, committed 4096K, reserved 1048576K
}
Event: 3.299 GC heap before
{Heap before GC invocations=7 (full 0):
 garbage-first heap   total 98304K, used 65909K [0x00000000a0c00000, 0x0000000100000000)
  region size 1024K, 57 young (58368K), 7 survivors (7168K)
 Metaspace       used 26676K, capacity 27928K, committed 28032K, reserved 1073152K
  class space    used 3726K, capacity 4201K, committed 4224K, reserved 1048576K
}
Event: 3.306 GC heap after
{Heap after GC invocations=8 (full 0):
 garbage-first heap   total 118784K, used 16874K [0x00000000a0c00000, 0x0000000100000000)
  region size 1024K, 6 young (6144K), 6 survivors (6144K)
 Metaspace       used 26676K, capacity 27928K, committed 28032K, reserved 1073152K
  class space    used 3726K, capacity 4201K, committed 4224K, reserved 1048576K
}
Event: 3.609 GC heap before
{Heap before GC invocations=8 (full 0):
 garbage-first heap   total 118784K, used 80362K [0x00000000a0c00000, 0x0000000100000000)
  region size 1024K, 69 young (70656K), 6 survivors (6144K)
 Metaspace       used 29482K, capacity 30821K, committed 30976K, reserved 1075200K
  class space    used 4029K, capacity 4568K, committed 4608K, reserved 1048576K
}
Event: 3.614 GC heap after
{Heap after GC invocations=9 (full 0):
 garbage-first heap   total 118784K, used 17871K [0x00000000a0c00000, 0x0000000100000000)
  region size 1024K, 6 young (6144K), 6 survivors (6144K)
 Metaspace       used 29482K, capacity 30821K, committed 30976K, reserved 1075200K
  class space    used 4029K, capacity 4568K, committed 4608K, reserved 1048576K
}
Event: 3.889 GC heap before
{Heap before GC invocations=9 (full 0):
 garbage-first heap   total 118784K, used 46543K [0x00000000a0c00000, 0x0000000100000000)
  region size 1024K, 36 young (36864K), 6 survivors (6144K)
 Metaspace       used 34524K, capacity 35814K, committed 35840K, reserved 1079296K
  class space    used 4831K, capacity 5356K, committed 5376K, reserved 1048576K
}
Event: 3.896 GC heap after
{Heap after GC invocations=10 (full 0):
 garbage-first heap   total 118784K, used 20458K [0x00000000a0c00000, 0x0000000100000000)
  region size 1024K, 5 young (5120K), 5 survivors (5120K)
 Metaspace       used 34524K, capacity 35814K, committed 35840K, reserved 1079296K
  class space    used 4831K, capacity 5356K, committed 5376K, reserved 1048576K
}
Event: 4.749 GC heap before
{Heap before GC invocations=11 (full 0):
 garbage-first heap   total 118784K, used 85994K [0x00000000a0c00000, 0x0000000100000000)
  region size 1024K, 69 young (70656K), 5 survivors (5120K)
 Metaspace       used 43982K, capacity 45358K, committed 45516K, reserved 1087488K
  class space    used 6218K, capacity 6759K, committed 6860K, reserved 1048576K
}
Event: 4.755 GC heap after
{Heap after GC invocations=12 (full 0):
 garbage-first heap   total 118784K, used 22451K [0x00000000a0c00000, 0x0000000100000000)
  region size 1024K, 7 young (7168K), 7 survivors (7168K)
 Metaspace       used 43982K, capacity 45358K, committed 45516K, reserved 1087488K
  class space    used 6218K, capacity 6759K, committed 6860K, reserved 1048576K
}

