# JRE version: OpenJDK Runtime Environment (11.0.5+10) (build 11.0.5+10-b520.38)
# Java VM: OpenJDK 64-Bit Server VM (11.0.5+10-b520.38, mixed mode, sharing, tiered, compressed oops, g1 gc, windows-amd64)
Heap:
 garbage-first heap   total 174080K, used 12495K [0x00000000a0c00000, 0x0000000100000000)
  region size 1024K, 5 young (5120K), 5 survivors (5120K)
 Metaspace       used 19891K, capacity 20838K, committed 21120K, reserved 1067008K
  class space    used 2763K, capacity 3166K, committed 3200K, reserved 1048576K
GC Heap History (9 events):
Event: 1.203 GC heap before
{Heap before GC invocations=0 (full 0):
 garbage-first heap   total 98304K, used 24576K [0x00000000a0c00000, 0x0000000100000000)
  region size 1024K, 24 young (24576K), 0 survivors (0K)
 Metaspace       used 6603K, capacity 6968K, committed 7168K, reserved 1056768K
  class space    used 825K, capacity 925K, committed 1024K, reserved 1048576K
}
Event: 1.214 GC heap after
{Heap after GC invocations=1 (full 0):
 garbage-first heap   total 98304K, used 7319K [0x00000000a0c00000, 0x0000000100000000)
  region size 1024K, 3 young (3072K), 3 survivors (3072K)
 Metaspace       used 6603K, capacity 6968K, committed 7168K, reserved 1056768K
  class space    used 825K, capacity 925K, committed 1024K, reserved 1048576K
}
Event: 1.247 GC heap before
{Heap before GC invocations=1 (full 0):
 garbage-first heap   total 98304K, used 43159K [0x00000000a0c00000, 0x0000000100000000)
  region size 1024K, 39 young (39936K), 3 survivors (3072K)
 Metaspace       used 6622K, capacity 6971K, committed 7168K, reserved 1056768K
  class space    used 828K, capacity 926K, committed 1024K, reserved 1048576K
}
Event: 1.253 GC heap after
{Heap after GC invocations=2 (full 0):
 garbage-first heap   total 98304K, used 7638K [0x00000000a0c00000, 0x0000000100000000)
  region size 1024K, 1 young (1024K), 1 survivors (1024K)
 Metaspace       used 6622K, capacity 6971K, committed 7168K, reserved 1056768K
  class space    used 828K, capacity 926K, committed 1024K, reserved 1048576K
}
Event: 1.741 GC heap before
{Heap before GC invocations=2 (full 0):
 garbage-first heap   total 98304K, used 50646K [0x00000000a0c00000, 0x0000000100000000)
  region size 1024K, 44 young (45056K), 1 survivors (1024K)
 Metaspace       used 12667K, capacity 13182K, committed 13312K, reserved 1060864K
  class space    used 1789K, capacity 2008K, committed 2048K, reserved 1048576K
}
Event: 1.847 GC heap after
{Heap after GC invocations=3 (full 0):
 garbage-first heap   total 98304K, used 9509K [0x00000000a0c00000, 0x0000000100000000)
  region size 1024K, 3 young (3072K), 3 survivors (3072K)
 Metaspace       used 12667K, capacity 13182K, committed 13312K, reserved 1060864K
  class space    used 1789K, capacity 2008K, committed 2048K, reserved 1048576K
}
Event: 2.311 GC heap before
{Heap before GC invocations=3 (full 0):
 garbage-first heap   total 98304K, used 63781K [0x00000000a0c00000, 0x0000000100000000)
  region size 1024K, 57 young (58368K), 3 survivors (3072K)
 Metaspace       used 18397K, capacity 19219K, committed 19328K, reserved 1064960K
  class space    used 2545K, capacity 2888K, committed 2944K, reserved 1048576K
}
Event: 2.318 GC heap after
{Heap after GC invocations=4 (full 0):
 garbage-first heap   total 98304K, used 11282K [0x00000000a0c00000, 0x0000000100000000)
  region size 1024K, 4 young (4096K), 4 survivors (4096K)
 Metaspace       used 18397K, capacity 19219K, committed 19328K, reserved 1064960K
  class space    used 2545K, capacity 2888K, committed 2944K, reserved 1048576K
}
Event: 2.756 GC heap before
{Heap before GC invocations=4 (full 0):
 garbage-first heap   total 98304K, used 64530K [0x00000000a0c00000, 0x0000000100000000)
  region size 1024K, 57 young (58368K), 4 survivors (4096K)
 Metaspace       used 19891K, capacity 20838K, committed 21120K, reserved 1067008K
  class space    used 2763K, capacity 3166K, committed 3200K, reserved 1048576K
}

